d:\git-repository\v-rep\v-rep_freertos\debug\vc143.pdb
d:\git-repository\v-rep\v-rep_freertos\debug\vc143.idb
d:\git-repository\v-rep\v-rep_freertos\debug\freertos_source\timers.obj
d:\git-repository\v-rep\v-rep_freertos\debug\freertos_source\tasks.obj
d:\git-repository\v-rep\v-rep_freertos\debug\freertos_source\queue.obj
d:\git-repository\v-rep\v-rep_freertos\debug\freertos_source\list.obj
d:\git-repository\v-rep\v-rep_freertos\debug\freertos_source\event_groups.obj
d:\git-repository\v-rep\v-rep_freertos\debug\freertos_source\portable\memmang\heap_4.obj
d:\git-repository\v-rep\v-rep_freertos\debug\freertos_source\portable\msvc-mingw\port.obj
d:\git-repository\v-rep\v-rep_freertos\debug\src\main.obj
d:\git-repository\v-rep\v-rep_freertos\debug\supporting_functions\supporting_functions.obj
d:\git-repository\v-rep\v-rep_freertos\debug\v-rep_freertos.pdb
d:\git-repository\v-rep\v-rep_freertos\debug\v-rep_freertos.tlog\cl.command.1.tlog
d:\git-repository\v-rep\v-rep_freertos\debug\v-rep_freertos.tlog\cl.read.1.tlog
d:\git-repository\v-rep\v-rep_freertos\debug\v-rep_freertos.tlog\cl.write.1.tlog
d:\git-repository\v-rep\v-rep_freertos\debug\v-rep_freertos.tlog\link-cvtres.read.1.tlog
d:\git-repository\v-rep\v-rep_freertos\debug\v-rep_freertos.tlog\link-cvtres.write.1.tlog
d:\git-repository\v-rep\v-rep_freertos\debug\v-rep_freertos.tlog\link-rc.read.1.tlog
d:\git-repository\v-rep\v-rep_freertos\debug\v-rep_freertos.tlog\link-rc.write.1.tlog
d:\git-repository\v-rep\v-rep_freertos\debug\v-rep_freertos.tlog\link.command.1.tlog
d:\git-repository\v-rep\v-rep_freertos\debug\v-rep_freertos.tlog\link.read.1.tlog
d:\git-repository\v-rep\v-rep_freertos\debug\v-rep_freertos.tlog\link.write.1.tlog
